<?xml version="1.0" encoding="UTF-8"?>
<coverage generated="1593334749376" clover="3.2.0">
  <project timestamp="1593334749377" name="All files">
    <metrics statements="33" coveredstatements="33" conditionals="24" coveredconditionals="24" methods="4" coveredmethods="4" elements="61" coveredelements="61" complexity="0" loc="33" ncloc="33" packages="1" files="2" classes="2"/>
    <file name="extractor.ts" path="D:\workspace\learnapp\markdown-extractor\src\extractor.ts">
      <metrics statements="18" coveredstatements="18" conditionals="20" coveredconditionals="20" methods="3" coveredmethods="3"/>
      <line num="1" count="1" type="stmt"/>
      <line num="2" count="1" type="stmt"/>
      <line num="11" count="1" type="stmt"/>
      <line num="13" count="1" type="stmt"/>
      <line num="36" count="1" type="stmt"/>
      <line num="37" count="2" type="stmt"/>
      <line num="43" count="2" type="stmt"/>
      <line num="44" count="2" type="stmt"/>
      <line num="45" count="2" type="stmt"/>
      <line num="47" count="2" type="stmt"/>
      <line num="49" count="6" type="stmt"/>
      <line num="51" count="3" type="cond" truecount="2" falsecount="0"/>
      <line num="52" count="2" type="stmt"/>
      <line num="54" count="2" type="stmt"/>
      <line num="60" count="1" type="stmt"/>
      <line num="66" count="3" type="stmt"/>
      <line num="68" count="3" type="stmt"/>
      <line num="71" count="2" type="stmt"/>
    </file>
    <file name="metadata-extractor.ts" path="D:\workspace\learnapp\markdown-extractor\src\metadata-extractor.ts">
      <metrics statements="15" coveredstatements="15" conditionals="4" coveredconditionals="4" methods="1" coveredmethods="1"/>
      <line num="1" count="2" type="stmt"/>
      <line num="10" count="6" type="cond" truecount="2" falsecount="0"/>
      <line num="11" count="4" type="stmt"/>
      <line num="12" count="4" type="stmt"/>
      <line num="13" count="4" type="stmt"/>
      <line num="14" count="4" type="stmt"/>
      <line num="16" count="4" type="stmt"/>
      <line num="18" count="4" type="cond" truecount="2" falsecount="0"/>
      <line num="19" count="3" type="stmt"/>
      <line num="20" count="3" type="stmt"/>
      <line num="22" count="3" type="stmt"/>
      <line num="24" count="3" type="stmt"/>
      <line num="25" count="3" type="stmt"/>
      <line num="28" count="4" type="stmt"/>
      <line num="30" count="4" type="stmt"/>
    </file>
  </project>
</coverage>
