{"D:\\workspace\\learnapp\\markdown-extractor\\src\\extractor.ts": {"path":"D:\\workspace\\learnapp\\markdown-extractor\\src\\extractor.ts","statementMap":{"0":{"start":{"line":1,"column":0},"end":{"line":1,"column":31}},"1":{"start":{"line":2,"column":0},"end":{"line":2,"column":28}},"2":{"start":{"line":11,"column":0},"end":{"line":11,"column":47}},"3":{"start":{"line":13,"column":49},"end":{"line":22,"column":2}},"4":{"start":{"line":37,"column":40},"end":{"line":41,"column":4}},"5":{"start":{"line":43,"column":42},"end":{"line":43,"column":78}},"6":{"start":{"line":44,"column":23},"end":{"line":44,"column":45}},"7":{"start":{"line":45,"column":12},"end":{"line":45,"column":42}},"8":{"start":{"line":47,"column":41},"end":{"line":69,"column":35}},"9":{"start":{"line":49,"column":38},"end":{"line":49,"column":50}},"10":{"start":{"line":51,"column":6},"end":{"line":58,"column":null}},"11":{"start":{"line":52,"column":30},"end":{"line":52,"column":56}},"12":{"start":{"line":54,"column":8},"end":{"line":57,"column":10}},"13":{"start":{"line":60,"column":6},"end":{"line":63,"column":8}},"14":{"start":{"line":66,"column":6},"end":{"line":66,"column":58}},"15":{"start":{"line":68,"column":6},"end":{"line":68,"column":17}},"16":{"start":{"line":71,"column":2},"end":{"line":75,"column":4}},"17":{"start":{"line":36,"column":0},"end":{"line":36,"column":16}}},"fnMap":{"0":{"name":"parseMarkdown","decl":{"start":{"line":36,"column":16},"end":{"line":36,"column":29}},"loc":{"start":{"line":36,"column":78},"end":{"line":76,"column":1}}},"1":{"name":"(anonymous_4)","decl":{"start":{"line":48,"column":9},"end":{"line":48,"column":20}},"loc":{"start":{"line":48,"column":20},"end":{"line":64,"column":5}}},"2":{"name":"(anonymous_5)","decl":{"start":{"line":65,"column":12},"end":{"line":65,"column":13}},"loc":{"start":{"line":65,"column":21},"end":{"line":69,"column":5}}}},"branchMap":{"0":{"loc":{"start":{"line":38,"column":15},"end":{"line":38,"column":33}},"type":"binary-expr","locations":[{"start":{"line":38,"column":15},"end":{"line":38,"column":33}},{"start":{"line":38,"column":37},"end":{"line":38,"column":39}}]},"1":{"loc":{"start":{"line":38,"column":22},"end":{"line":38,"column":24}},"type":"cond-expr","locations":[{"start":{"line":38,"column":22},"end":{"line":38,"column":24}},{"start":{"line":38,"column":15},"end":{"line":38,"column":33}}]},"2":{"loc":{"start":{"line":38,"column":15},"end":{"line":38,"column":24}},"type":"binary-expr","locations":[{"start":{"line":38,"column":15},"end":{"line":38,"column":24}},{"start":{"line":38,"column":15},"end":{"line":38,"column":24}}]},"3":{"loc":{"start":{"line":39,"column":23},"end":{"line":39,"column":49}},"type":"binary-expr","locations":[{"start":{"line":39,"column":23},"end":{"line":39,"column":49}},{"start":{"line":39,"column":53},"end":{"line":39,"column":85}}]},"4":{"loc":{"start":{"line":39,"column":30},"end":{"line":39,"column":32}},"type":"cond-expr","locations":[{"start":{"line":39,"column":30},"end":{"line":39,"column":32}},{"start":{"line":39,"column":23},"end":{"line":39,"column":49}}]},"5":{"loc":{"start":{"line":39,"column":23},"end":{"line":39,"column":32}},"type":"binary-expr","locations":[{"start":{"line":39,"column":23},"end":{"line":39,"column":32}},{"start":{"line":39,"column":23},"end":{"line":39,"column":32}}]},"6":{"loc":{"start":{"line":40,"column":60},"end":{"line":40,"column":83}},"type":"binary-expr","locations":[{"start":{"line":40,"column":60},"end":{"line":40,"column":83}},{"start":{"line":40,"column":87},"end":{"line":40,"column":89}}]},"7":{"loc":{"start":{"line":40,"column":67},"end":{"line":40,"column":69}},"type":"cond-expr","locations":[{"start":{"line":40,"column":67},"end":{"line":40,"column":69}},{"start":{"line":40,"column":60},"end":{"line":40,"column":83}}]},"8":{"loc":{"start":{"line":40,"column":60},"end":{"line":40,"column":69}},"type":"binary-expr","locations":[{"start":{"line":40,"column":60},"end":{"line":40,"column":69}},{"start":{"line":40,"column":60},"end":{"line":40,"column":69}}]},"9":{"loc":{"start":{"line":51,"column":6},"end":{"line":58,"column":null}},"type":"if","locations":[{"start":{"line":51,"column":6},"end":{"line":58,"column":null}},{"start":{"line":51,"column":6},"end":{"line":58,"column":null}}]}},"s":{"0":1,"1":1,"2":1,"3":1,"4":2,"5":2,"6":2,"7":2,"8":2,"9":6,"10":3,"11":2,"12":2,"13":1,"14":3,"15":3,"16":2,"17":1},"f":{"0":2,"1":3,"2":3},"b":{"0":[2,1],"1":[1,1],"2":[2,2],"3":[2,2],"4":[1,1],"5":[2,2],"6":[2,2],"7":[1,1],"8":[2,2],"9":[2,1]}}
,"D:\\workspace\\learnapp\\markdown-extractor\\src\\metadata-extractor.ts": {"path":"D:\\workspace\\learnapp\\markdown-extractor\\src\\metadata-extractor.ts","statementMap":{"0":{"start":{"line":1,"column":0},"end":{"line":1,"column":35}},"1":{"start":{"line":10,"column":42},"end":{"line":10,"column":null}},"2":{"start":{"line":11,"column":15},"end":{"line":11,"column":16}},"3":{"start":{"line":12,"column":19},"end":{"line":12,"column":23}},"4":{"start":{"line":13,"column":17},"end":{"line":13,"column":21}},"5":{"start":{"line":14,"column":17},"end":{"line":14,"column":19}},"6":{"start":{"line":16,"column":16},"end":{"line":16,"column":31}},"7":{"start":{"line":18,"column":2},"end":{"line":26,"column":null}},"8":{"start":{"line":19,"column":4},"end":{"line":19,"column":61}},"9":{"start":{"line":20,"column":4},"end":{"line":20,"column":52}},"10":{"start":{"line":22,"column":23},"end":{"line":22,"column":60}},"11":{"start":{"line":24,"column":4},"end":{"line":24,"column":56}},"12":{"start":{"line":25,"column":4},"end":{"line":25,"column":33}},"13":{"start":{"line":28,"column":18},"end":{"line":28,"column":50}},"14":{"start":{"line":30,"column":2},"end":{"line":30,"column":31}},"15":{"start":{"line":10,"column":0},"end":{"line":10,"column":16}}},"fnMap":{"0":{"name":"extract","decl":{"start":{"line":10,"column":16},"end":{"line":10,"column":23}},"loc":{"start":{"line":10,"column":59},"end":{"line":31,"column":1}}}},"branchMap":{"0":{"loc":{"start":{"line":10,"column":42},"end":{"line":10,"column":null}},"type":"if","locations":[{"start":{"line":10,"column":42},"end":{"line":10,"column":null}},{"start":{"line":10,"column":42},"end":{"line":10,"column":null}}]},"1":{"loc":{"start":{"line":18,"column":2},"end":{"line":26,"column":null}},"type":"if","locations":[{"start":{"line":18,"column":2},"end":{"line":26,"column":null}},{"start":{"line":18,"column":2},"end":{"line":26,"column":null}}]}},"s":{"0":2,"1":6,"2":4,"3":4,"4":4,"5":4,"6":4,"7":4,"8":3,"9":3,"10":3,"11":3,"12":3,"13":4,"14":4,"15":2},"f":{"0":4},"b":{"0":[2,2],"1":[3,1]}}
}
