TN:
SF:src\extractor.ts
FN:36,parseMarkdown
FN:48,(anonymous_4)
FN:65,(anonymous_5)
FNF:3
FNH:3
FNDA:2,parseMarkdown
FNDA:3,(anonymous_4)
FNDA:3,(anonymous_5)
DA:1,1
DA:2,1
DA:11,1
DA:13,1
DA:36,1
DA:37,2
DA:43,2
DA:44,2
DA:45,2
DA:47,2
DA:49,6
DA:51,3
DA:52,2
DA:54,2
DA:60,1
DA:66,3
DA:68,3
DA:71,2
LF:18
LH:18
BRDA:38,0,0,2
BRDA:38,0,1,1
BRDA:38,1,0,1
BRDA:38,1,1,1
BRDA:38,2,0,2
BRDA:38,2,1,2
BRDA:39,3,0,2
BRDA:39,3,1,2
BRDA:39,4,0,1
BRDA:39,4,1,1
BRDA:39,5,0,2
BRDA:39,5,1,2
BRDA:40,6,0,2
BRDA:40,6,1,2
BRDA:40,7,0,1
BRDA:40,7,1,1
BRDA:40,8,0,2
BRDA:40,8,1,2
BRDA:51,9,0,2
BRDA:51,9,1,1
BRF:20
BRH:20
end_of_record
TN:
SF:src\metadata-extractor.ts
FN:10,extract
FNF:1
FNH:1
FNDA:4,extract
DA:1,2
DA:10,6
DA:11,4
DA:12,4
DA:13,4
DA:14,4
DA:16,4
DA:18,4
DA:19,3
DA:20,3
DA:22,3
DA:24,3
DA:25,3
DA:28,4
DA:30,4
LF:15
LH:15
BRDA:10,0,0,2
BRDA:10,0,1,2
BRDA:18,1,0,3
BRDA:18,1,1,1
BRF:4
BRH:4
end_of_record
